[09:31:37] [main/INFO] (FabricLoader/GameProvider) Loading Minecraft 1.21 with Fabric Loader 0.16.9
[09:31:37] [main/INFO] (FabricLoader) Loading 55 mods:
	- fabric-api 0.102.0+1.21
	- fabric-api-base 0.4.42+6573ed8cd1
	- fabric-api-lookup-api-v1 1.6.68+b5597344d1
	- fabric-biome-api-v1 13.0.29+5bd9f1bcd1
	- fabric-block-api-v1 1.0.22+0af3f5a7d1
	- fabric-block-view-api-v2 1.0.10+6573ed8cd1
	- fabric-blockrenderlayer-v1 1.1.52+0af3f5a7d1
	- fabric-client-tags-api-v1 1.1.15+6573ed8cd1
	- fabric-command-api-v1 1.2.49+f71b366fd1
	- fabric-command-api-v2 2.2.28+6ced4dd9d1
	- fabric-commands-v0 0.2.66+df3654b3d1
	- fabric-content-registries-v0 8.0.16+b5597344d1
	- fabric-convention-tags-v1 2.0.19+7f945d5bd1
	- fabric-convention-tags-v2 2.5.0+c5e2b5c6d1
	- fabric-crash-report-info-v1 0.2.29+0af3f5a7d1
	- fabric-data-attachment-api-v1 1.1.27+6a6dfa19d1
	- fabric-data-generation-api-v1 20.2.16+16c4ae25d1
	- fabric-dimensions-v1 4.0.0+6fc22b99d1
	- fabric-entity-events-v1 1.6.12+6fc22b99d1
	- fabric-events-interaction-v0 0.7.12+ba9dae06d1
	- fabric-game-rule-api-v1 1.0.53+6ced4dd9d1
	- fabric-gametest-api-v1 2.0.4+6fc22b99d1
	- fabric-item-api-v1 11.0.0+afdfc921d1
	- fabric-item-group-api-v1 4.1.4+78017270d1
	- fabric-key-binding-api-v1 1.0.47+0af3f5a7d1
	- fabric-keybindings-v0 0.2.45+df3654b3d1
	- fabric-lifecycle-events-v1 2.3.12+6c1df360d1
	- fabric-loot-api-v2 3.0.14+3f89f5a5d1
	- fabric-loot-api-v3 1.0.2+3f89f5a5d1
	- fabric-message-api-v1 6.0.13+6573ed8cd1
	- fabric-model-loading-api-v1 2.0.0+fe474d6bd1
	- fabric-networking-api-v1 4.2.2+60c3209bd1
	- fabric-object-builder-api-v1 15.2.0+a551f7a4d1
	- fabric-particles-v1 4.0.2+6573ed8cd1
	- fabric-recipe-api-v1 5.0.12+65089712d1
	- fabric-registry-sync-v0 5.1.2+60c3209bd1
	- fabric-renderer-api-v1 3.4.0+c705a49cd1
	- fabric-renderer-indigo 1.7.0+c705a49cd1
	- fabric-renderer-registries-v1 3.2.68+df3654b3d1
	- fabric-rendering-data-attachment-v1 0.3.48+73761d2ed1
	- fabric-rendering-fluids-v1 3.1.6+b5597344d1
	- fabric-rendering-v0 1.1.71+df3654b3d1
	- fabric-rendering-v1 5.0.5+df16efd0d1
	- fabric-resource-conditions-api-v1 4.3.0+8dc279b1d1
	- fabric-resource-loader-v0 1.3.0+56599129d1
	- fabric-screen-api-v1 2.0.24+b5597344d1
	- fabric-screen-handler-api-v1 1.3.86+b5597344d1
	- fabric-sound-api-v1 1.0.23+6573ed8cd1
	- fabric-transfer-api-v1 5.1.16+3dccd343d1
	- fabric-transitive-access-wideners-v1 6.1.0+176f9036d1
	- fabricloader 0.16.9
	- java 21
	- minecraft 1.21
	- mixinextras 0.4.1
	- taijiblocks 1.0.0
[09:31:37] [main/INFO] (FabricLoader/Mixin) SpongePowered MIXIN Subsystem Version=0.8.7 Source=file:/Users/azntaiji/.gradle/caches/modules-2/files-2.1/net.fabricmc/sponge-mixin/0.15.4+mixin.0.8.7/6a12aacc794f1078458433116e9ed42c1cc98096/sponge-mixin-0.15.4+mixin.0.8.7.jar Service=Knot/Fabric Env=CLIENT
[09:31:37] [main/INFO] (FabricLoader/Mixin) Loaded Fabric development mappings for mixin remapper!
[09:31:37] [main/INFO] (FabricLoader/Mixin) Compatibility level set to JAVA_17
[09:31:37] [main/INFO] (FabricLoader/Mixin) Compatibility level set to JAVA_21
[09:31:38] [main/INFO] (FabricLoader/MixinExtras|Service) Initializing MixinExtras via com.llamalad7.mixinextras.service.MixinExtrasServiceImpl(version=0.4.1).
[09:31:39] [Datafixer Bootstrap/INFO] (Minecraft) 226 Datafixer optimizations took 218 milliseconds
[09:31:42] [Render thread/INFO] (Minecraft) Environment: Environment[sessionHost=https://sessionserver.mojang.com, servicesHost=https://api.minecraftservices.com, name=PROD]
[09:31:42] [Render thread/INFO] (Minecraft) Setting user: Player184
[09:31:42] [Render thread/INFO] (taijiblocks) Hello Fabric world!
[09:31:42] [Render thread/INFO] (taijiblocks) Registering Mod Items for taijiblocks
[09:31:42] [Render thread/INFO] (taijiblocks) Registering mod blocks for taijiblocks
[09:31:42] [Render thread/INFO] (Indigo) [Indigo] Registering Indigo renderer!
[09:31:43] [Render thread/INFO] (Minecraft) Backend library: LWJGL version 3.3.3-snapshot
[09:31:44] [Render thread/INFO] (Minecraft) Reloading ResourceManager: vanilla, fabric, fabric-api, fabric-api-base, fabric-api-lookup-api-v1, fabric-biome-api-v1, fabric-block-api-v1, fabric-block-view-api-v2, fabric-blockrenderlayer-v1, fabric-client-tags-api-v1, fabric-command-api-v1, fabric-command-api-v2, fabric-commands-v0, fabric-content-registries-v0, fabric-convention-tags-v1, fabric-convention-tags-v2, fabric-crash-report-info-v1, fabric-data-attachment-api-v1, fabric-data-generation-api-v1, fabric-dimensions-v1, fabric-entity-events-v1, fabric-events-interaction-v0, fabric-game-rule-api-v1, fabric-gametest-api-v1, fabric-item-api-v1, fabric-item-group-api-v1, fabric-key-binding-api-v1, fabric-keybindings-v0, fabric-lifecycle-events-v1, fabric-loot-api-v2, fabric-loot-api-v3, fabric-message-api-v1, fabric-model-loading-api-v1, fabric-networking-api-v1, fabric-object-builder-api-v1, fabric-particles-v1, fabric-recipe-api-v1, fabric-registry-sync-v0, fabric-renderer-api-v1, fabric-renderer-indigo, fabric-renderer-registries-v1, fabric-rendering-data-attachment-v1, fabric-rendering-v0, fabric-rendering-v1, fabric-resource-conditions-api-v1, fabric-resource-loader-v0, fabric-screen-api-v1, fabric-screen-handler-api-v1, fabric-sound-api-v1, fabric-transfer-api-v1, fabric-transitive-access-wideners-v1, fabricloader, taijiblocks
[09:31:44] [Worker-Main-6/INFO] (Minecraft) Found unifont_all_no_pua-15.1.05.hex, loading
[09:31:44] [Worker-Main-7/INFO] (Minecraft) Found unifont_jp_patch-15.1.05.hex, loading
[09:31:45] [Worker-Main-5/WARN] (Minecraft) Exception loading blockstate definition: 'taijiblocks:blockstates/pink_garnet_block.json' missing model for variant: 'taijiblocks:pink_garnet_block#'
[09:31:45] [Worker-Main-5/WARN] (Minecraft) Unable to load model: 'taijiblocks:item/pink_garnet_block' referenced from: taijiblocks:item/pink_garnet_block: java.io.FileNotFoundException: taijiblocks:models/item/pink_garnet_block.json
[09:31:45] [Render thread/WARN] (Minecraft) Missing sound for event: minecraft:item.goat_horn.play
[09:31:45] [Render thread/WARN] (Minecraft) Missing sound for event: minecraft:entity.goat.screaming.horn_break
[09:31:45] [Render thread/INFO] (Minecraft) OpenAL initialized on device Zach’s AirPods Max
[09:31:45] [Render thread/INFO] (Minecraft) Sound engine started
[09:31:45] [Render thread/INFO] (Minecraft) Created: 1024x512x4 minecraft:textures/atlas/blocks.png-atlas
[09:31:45] [Render thread/INFO] (Minecraft) Created: 256x256x4 minecraft:textures/atlas/signs.png-atlas
[09:31:45] [Render thread/INFO] (Minecraft) Created: 512x512x4 minecraft:textures/atlas/shield_patterns.png-atlas
[09:31:45] [Render thread/INFO] (Minecraft) Created: 512x512x4 minecraft:textures/atlas/banner_patterns.png-atlas
[09:31:45] [Render thread/INFO] (Minecraft) Created: 1024x1024x4 minecraft:textures/atlas/armor_trims.png-atlas
[09:31:45] [Render thread/INFO] (Minecraft) Created: 128x64x4 minecraft:textures/atlas/decorated_pot.png-atlas
[09:31:45] [Render thread/INFO] (Minecraft) Created: 256x256x4 minecraft:textures/atlas/chest.png-atlas
[09:31:45] [Render thread/INFO] (Minecraft) Created: 512x256x4 minecraft:textures/atlas/shulker_boxes.png-atlas
[09:31:45] [Render thread/INFO] (Minecraft) Created: 512x256x4 minecraft:textures/atlas/beds.png-atlas
[09:31:45] [Render thread/INFO] (Minecraft) Created: 512x256x0 minecraft:textures/atlas/particles.png-atlas
[09:31:45] [Render thread/INFO] (Minecraft) Created: 512x256x0 minecraft:textures/atlas/paintings.png-atlas
[09:31:45] [Render thread/INFO] (Minecraft) Created: 256x128x0 minecraft:textures/atlas/mob_effects.png-atlas
[09:31:45] [Render thread/INFO] (Minecraft) Created: 64x64x0 minecraft:textures/atlas/map_decorations.png-atlas
[09:31:45] [Render thread/INFO] (Minecraft) Created: 1024x512x0 minecraft:textures/atlas/gui.png-atlas
[09:31:45] [Render thread/WARN] (Minecraft) Shader rendertype_entity_translucent_emissive could not find sampler named Sampler2 in the specified shader program.
[09:31:51] [Render thread/INFO] (Minecraft) Loaded 1290 recipes
[09:31:52] [Render thread/INFO] (Minecraft) Loaded 1399 advancements
[09:31:55] [Render thread/INFO] (BiomeModificationImpl) Applied 0 biome modifications to 0 of 64 new biomes in 756.9 μs
[09:31:55] [Server thread/INFO] (Minecraft) Starting integrated minecraft server version 1.21
[09:31:55] [Server thread/INFO] (Minecraft) Generating keypair
[09:31:58] [Server thread/INFO] (Minecraft) Preparing start region for dimension minecraft:overworld
[09:31:58] [Render thread/INFO] (Minecraft) Preparing spawn area: 2%
[09:31:59] [Render thread/INFO] (Minecraft) Preparing spawn area: 2%
[09:31:59] [Render thread/INFO] (Minecraft) Preparing spawn area: 2%
[09:31:59] [Render thread/INFO] (Minecraft) Preparing spawn area: 2%
[09:32:00] [Render thread/INFO] (Minecraft) Preparing spawn area: 18%
[09:32:00] [Render thread/INFO] (Minecraft) Preparing spawn area: 51%
[09:32:01] [Render thread/INFO] (Minecraft) Preparing spawn area: 51%
[09:32:01] [Render thread/INFO] (Minecraft) Time elapsed: 3148 ms
[09:32:01] [Server thread/INFO] (Minecraft) Changing view distance to 12, from 10
[09:32:01] [Server thread/INFO] (Minecraft) Changing simulation distance to 12, from 0
[09:32:01] [Server thread/INFO] (Minecraft) Player184[local:E:e695d885] logged in with entity id 11 at (-59.5, 70.0, -45.5)
[09:32:01] [Server thread/INFO] (Minecraft) Player184 joined the game
[09:32:01] [Render thread/INFO] (Minecraft) Loaded 2 advancements
[09:32:36] [Server thread/INFO] (Minecraft) Saving and pausing game...
[09:32:36] [Server thread/INFO] (Minecraft) Saving chunks for level 'ServerLevel[New World]'/minecraft:overworld
[09:32:36] [Server thread/INFO] (Minecraft) Saving chunks for level 'ServerLevel[New World]'/minecraft:the_end
[09:32:36] [Server thread/INFO] (Minecraft) Saving chunks for level 'ServerLevel[New World]'/minecraft:the_nether
[09:32:37] [Server thread/INFO] (Minecraft) Player184 lost connection: Disconnected
[09:32:37] [Server thread/INFO] (Minecraft) Player184 left the game
[09:32:37] [Server thread/INFO] (Minecraft) Stopping singleplayer server as player logged out
[09:32:37] [Server thread/INFO] (Minecraft) Stopping server
[09:32:37] [Server thread/INFO] (Minecraft) Saving players
[09:32:37] [Server thread/INFO] (Minecraft) Saving worlds
[09:32:37] [Server thread/INFO] (Minecraft) Saving chunks for level 'ServerLevel[New World]'/minecraft:overworld
[09:32:38] [Server thread/INFO] (Minecraft) Saving chunks for level 'ServerLevel[New World]'/minecraft:the_end
[09:32:38] [Server thread/INFO] (Minecraft) Saving chunks for level 'ServerLevel[New World]'/minecraft:the_nether
[09:32:38] [Server thread/INFO] (Minecraft) ThreadedAnvilChunkStorage (New World): All chunks are saved
[09:32:38] [Server thread/INFO] (Minecraft) ThreadedAnvilChunkStorage (DIM1): All chunks are saved
[09:32:38] [Server thread/INFO] (Minecraft) ThreadedAnvilChunkStorage (DIM-1): All chunks are saved
[09:32:38] [Server thread/INFO] (Minecraft) ThreadedAnvilChunkStorage: All dimensions are saved
[09:32:39] [Render thread/INFO] (Minecraft) Stopping!
